CRITICAL - 2026-03-04 10:26:20 --> Error: Call to a member function findAll() on null
[Method: GET, Route: admin/links]
in APPPATH\Controllers\Admin\LinkController.php on line 51.
 1 SYSTEMPATH\CodeIgniter.php(951): App\Controllers\Admin\LinkController->index()
 2 SYSTEMPATH\CodeIgniter.php(497): CodeIgniter\CodeIgniter->runController(Object(App\Controllers\Admin\LinkController))
 3 SYSTEMPATH\CodeIgniter.php(340): CodeIgniter\CodeIgniter->handleRequest(null, Object(Config\Cache), false)
 4 SYSTEMPATH\Boot.php(417): CodeIgniter\CodeIgniter->run()
 5 SYSTEMPATH\Boot.php(68): CodeIgniter\Boot::runCodeIgniter(Object(CodeIgniter\CodeIgniter))
 6 FCPATH\index.php(71): CodeIgniter\Boot::bootWeb(Object(Config\Paths))
CRITICAL - 2026-03-04 10:26:28 --> Error: Call to a member function findAll() on null
[Method: GET, Route: admin/links]
in APPPATH\Controllers\Admin\LinkController.php on line 51.
 1 SYSTEMPATH\CodeIgniter.php(951): App\Controllers\Admin\LinkController->index()
 2 SYSTEMPATH\CodeIgniter.php(497): CodeIgniter\CodeIgniter->runController(Object(App\Controllers\Admin\LinkController))
 3 SYSTEMPATH\CodeIgniter.php(340): CodeIgniter\CodeIgniter->handleRequest(null, Object(Config\Cache), false)
 4 SYSTEMPATH\Boot.php(417): CodeIgniter\CodeIgniter->run()
 5 SYSTEMPATH\Boot.php(68): CodeIgniter\Boot::runCodeIgniter(Object(CodeIgniter\CodeIgniter))
 6 FCPATH\index.php(71): CodeIgniter\Boot::bootWeb(Object(Config\Paths))
CRITICAL - 2026-03-04 10:26:31 --> Error: Call to a member function findAll() on null
[Method: GET, Route: admin/links]
in APPPATH\Controllers\Admin\LinkController.php on line 51.
 1 SYSTEMPATH\CodeIgniter.php(951): App\Controllers\Admin\LinkController->index()
 2 SYSTEMPATH\CodeIgniter.php(497): CodeIgniter\CodeIgniter->runController(Object(App\Controllers\Admin\LinkController))
 3 SYSTEMPATH\CodeIgniter.php(340): CodeIgniter\CodeIgniter->handleRequest(null, Object(Config\Cache), false)
 4 SYSTEMPATH\Boot.php(417): CodeIgniter\CodeIgniter->run()
 5 SYSTEMPATH\Boot.php(68): CodeIgniter\Boot::runCodeIgniter(Object(CodeIgniter\CodeIgniter))
 6 FCPATH\index.php(71): CodeIgniter\Boot::bootWeb(Object(Config\Paths))
CRITICAL - 2026-03-04 10:26:41 --> Error: Call to a member function findAll() on null
[Method: GET, Route: admin/links]
in APPPATH\Controllers\Admin\LinkController.php on line 51.
 1 SYSTEMPATH\CodeIgniter.php(951): App\Controllers\Admin\LinkController->index()
 2 SYSTEMPATH\CodeIgniter.php(497): CodeIgniter\CodeIgniter->runController(Object(App\Controllers\Admin\LinkController))
 3 SYSTEMPATH\CodeIgniter.php(340): CodeIgniter\CodeIgniter->handleRequest(null, Object(Config\Cache), false)
 4 SYSTEMPATH\Boot.php(417): CodeIgniter\CodeIgniter->run()
 5 SYSTEMPATH\Boot.php(68): CodeIgniter\Boot::runCodeIgniter(Object(CodeIgniter\CodeIgniter))
 6 FCPATH\index.php(71): CodeIgniter\Boot::bootWeb(Object(Config\Paths))
CRITICAL - 2026-03-04 10:27:00 --> Error: Call to a member function findAll() on null
[Method: GET, Route: admin/links]
in APPPATH\Controllers\Admin\LinkController.php on line 47.
 1 SYSTEMPATH\CodeIgniter.php(951): App\Controllers\Admin\LinkController->index()
 2 SYSTEMPATH\CodeIgniter.php(497): CodeIgniter\CodeIgniter->runController(Object(App\Controllers\Admin\LinkController))
 3 SYSTEMPATH\CodeIgniter.php(340): CodeIgniter\CodeIgniter->handleRequest(null, Object(Config\Cache), false)
 4 SYSTEMPATH\Boot.php(417): CodeIgniter\CodeIgniter->run()
 5 SYSTEMPATH\Boot.php(68): CodeIgniter\Boot::runCodeIgniter(Object(CodeIgniter\CodeIgniter))
 6 FCPATH\index.php(71): CodeIgniter\Boot::bootWeb(Object(Config\Paths))
CRITICAL - 2026-03-04 10:27:16 --> Error: Call to a member function findAll() on null
[Method: GET, Route: admin/links]
in APPPATH\Controllers\Admin\LinkController.php on line 51.
 1 SYSTEMPATH\CodeIgniter.php(951): App\Controllers\Admin\LinkController->index()
 2 SYSTEMPATH\CodeIgniter.php(497): CodeIgniter\CodeIgniter->runController(Object(App\Controllers\Admin\LinkController))
 3 SYSTEMPATH\CodeIgniter.php(340): CodeIgniter\CodeIgniter->handleRequest(null, Object(Config\Cache), false)
 4 SYSTEMPATH\Boot.php(417): CodeIgniter\CodeIgniter->run()
 5 SYSTEMPATH\Boot.php(68): CodeIgniter\Boot::runCodeIgniter(Object(CodeIgniter\CodeIgniter))
 6 FCPATH\index.php(71): CodeIgniter\Boot::bootWeb(Object(Config\Paths))
CRITICAL - 2026-03-04 10:27:17 --> Error: Call to a member function findAll() on null
[Method: GET, Route: admin/links]
in APPPATH\Controllers\Admin\LinkController.php on line 51.
 1 SYSTEMPATH\CodeIgniter.php(951): App\Controllers\Admin\LinkController->index()
 2 SYSTEMPATH\CodeIgniter.php(497): CodeIgniter\CodeIgniter->runController(Object(App\Controllers\Admin\LinkController))
 3 SYSTEMPATH\CodeIgniter.php(340): CodeIgniter\CodeIgniter->handleRequest(null, Object(Config\Cache), false)
 4 SYSTEMPATH\Boot.php(417): CodeIgniter\CodeIgniter->run()
 5 SYSTEMPATH\Boot.php(68): CodeIgniter\Boot::runCodeIgniter(Object(CodeIgniter\CodeIgniter))
 6 FCPATH\index.php(71): CodeIgniter\Boot::bootWeb(Object(Config\Paths))
CRITICAL - 2026-03-04 10:27:59 --> Error: Call to a member function findAll() on null
[Method: GET, Route: admin/links]
in APPPATH\Controllers\Admin\LinkController.php on line 51.
 1 SYSTEMPATH\CodeIgniter.php(951): App\Controllers\Admin\LinkController->index()
 2 SYSTEMPATH\CodeIgniter.php(497): CodeIgniter\CodeIgniter->runController(Object(App\Controllers\Admin\LinkController))
 3 SYSTEMPATH\CodeIgniter.php(340): CodeIgniter\CodeIgniter->handleRequest(null, Object(Config\Cache), false)
 4 SYSTEMPATH\Boot.php(417): CodeIgniter\CodeIgniter->run()
 5 SYSTEMPATH\Boot.php(68): CodeIgniter\Boot::runCodeIgniter(Object(CodeIgniter\CodeIgniter))
 6 FCPATH\index.php(71): CodeIgniter\Boot::bootWeb(Object(Config\Paths))
CRITICAL - 2026-03-04 10:32:18 --> CodeIgniter\Security\Exceptions\SecurityException: The action you requested is not allowed.
[Method: DELETE, Route: admin/contacts/delete/1]
in SYSTEMPATH\Security\Security.php on line 263.
 1 SYSTEMPATH\Security\Security.php(263): CodeIgniter\Security\Exceptions\SecurityException::forDisallowedAction()
 2 SYSTEMPATH\Filters\CSRF.php(58): CodeIgniter\Security\Security->verify(Object(CodeIgniter\HTTP\IncomingRequest))
 3 SYSTEMPATH\Filters\Filters.php(241): CodeIgniter\Filters\CSRF->before(Object(CodeIgniter\HTTP\IncomingRequest), null)
 4 SYSTEMPATH\Filters\Filters.php(221): CodeIgniter\Filters\Filters->runBefore([...])
 5 SYSTEMPATH\CodeIgniter.php(465): CodeIgniter\Filters\Filters->run('admin/contacts/delete/1', 'before')
 6 SYSTEMPATH\CodeIgniter.php(340): CodeIgniter\CodeIgniter->handleRequest(null, Object(Config\Cache), false)
 7 SYSTEMPATH\Boot.php(417): CodeIgniter\CodeIgniter->run()
 8 SYSTEMPATH\Boot.php(68): CodeIgniter\Boot::runCodeIgniter(Object(CodeIgniter\CodeIgniter))
 9 FCPATH\index.php(71): CodeIgniter\Boot::bootWeb(Object(Config\Paths))
CRITICAL - 2026-03-04 11:43:22 --> ParseError: syntax error, unexpected T_INLINE_HTML "                                ", expecting "endswitch" or "case" or "default"
[Method: GET, Route: admin/settings]
in APPPATH\Views\admin\settings\index.php on line 29.
 1 SYSTEMPATH\View\View.php(241): CodeIgniter\View\View->CodeIgniter\View\{closure}()
 2 SYSTEMPATH\Common.php(1250): CodeIgniter\View\View->render('admin/settings/index', [], true)
 3 APPPATH\Controllers\Admin\SettingController.php(44): view('admin/settings/index', [...])
 4 SYSTEMPATH\CodeIgniter.php(951): App\Controllers\Admin\SettingController->index()
 5 SYSTEMPATH\CodeIgniter.php(497): CodeIgniter\CodeIgniter->runController(Object(App\Controllers\Admin\SettingController))
 6 SYSTEMPATH\CodeIgniter.php(340): CodeIgniter\CodeIgniter->handleRequest(null, Object(Config\Cache), false)
 7 SYSTEMPATH\Boot.php(417): CodeIgniter\CodeIgniter->run()
 8 SYSTEMPATH\Boot.php(68): CodeIgniter\Boot::runCodeIgniter(Object(CodeIgniter\CodeIgniter))
 9 FCPATH\index.php(71): CodeIgniter\Boot::bootWeb(Object(Config\Paths))
CRITICAL - 2026-03-04 11:44:35 --> ParseError: syntax error, unexpected T_INLINE_HTML "                                ", expecting "endswitch" or "case" or "default"
[Method: GET, Route: admin/settings]
in APPPATH\Views\admin\settings\index.php on line 29.
 1 SYSTEMPATH\View\View.php(241): CodeIgniter\View\View->CodeIgniter\View\{closure}()
 2 SYSTEMPATH\Common.php(1250): CodeIgniter\View\View->render('admin/settings/index', [], true)
 3 APPPATH\Controllers\Admin\SettingController.php(44): view('admin/settings/index', [...])
 4 SYSTEMPATH\CodeIgniter.php(951): App\Controllers\Admin\SettingController->index()
 5 SYSTEMPATH\CodeIgniter.php(497): CodeIgniter\CodeIgniter->runController(Object(App\Controllers\Admin\SettingController))
 6 SYSTEMPATH\CodeIgniter.php(340): CodeIgniter\CodeIgniter->handleRequest(null, Object(Config\Cache), false)
 7 SYSTEMPATH\Boot.php(417): CodeIgniter\CodeIgniter->run()
 8 SYSTEMPATH\Boot.php(68): CodeIgniter\Boot::runCodeIgniter(Object(CodeIgniter\CodeIgniter))
 9 FCPATH\index.php(71): CodeIgniter\Boot::bootWeb(Object(Config\Paths))
CRITICAL - 2026-03-04 11:44:36 --> ParseError: syntax error, unexpected T_INLINE_HTML "                                ", expecting "endswitch" or "case" or "default"
[Method: GET, Route: admin/settings]
in APPPATH\Views\admin\settings\index.php on line 29.
 1 SYSTEMPATH\View\View.php(241): CodeIgniter\View\View->CodeIgniter\View\{closure}()
 2 SYSTEMPATH\Common.php(1250): CodeIgniter\View\View->render('admin/settings/index', [], true)
 3 APPPATH\Controllers\Admin\SettingController.php(44): view('admin/settings/index', [...])
 4 SYSTEMPATH\CodeIgniter.php(951): App\Controllers\Admin\SettingController->index()
 5 SYSTEMPATH\CodeIgniter.php(497): CodeIgniter\CodeIgniter->runController(Object(App\Controllers\Admin\SettingController))
 6 SYSTEMPATH\CodeIgniter.php(340): CodeIgniter\CodeIgniter->handleRequest(null, Object(Config\Cache), false)
 7 SYSTEMPATH\Boot.php(417): CodeIgniter\CodeIgniter->run()
 8 SYSTEMPATH\Boot.php(68): CodeIgniter\Boot::runCodeIgniter(Object(CodeIgniter\CodeIgniter))
 9 FCPATH\index.php(71): CodeIgniter\Boot::bootWeb(Object(Config\Paths))
CRITICAL - 2026-03-04 11:44:39 --> ParseError: syntax error, unexpected T_INLINE_HTML "                                ", expecting "endswitch" or "case" or "default"
[Method: GET, Route: admin/settings]
in APPPATH\Views\admin\settings\index.php on line 29.
 1 SYSTEMPATH\View\View.php(241): CodeIgniter\View\View->CodeIgniter\View\{closure}()
 2 SYSTEMPATH\Common.php(1250): CodeIgniter\View\View->render('admin/settings/index', [], true)
 3 APPPATH\Controllers\Admin\SettingController.php(44): view('admin/settings/index', [...])
 4 SYSTEMPATH\CodeIgniter.php(951): App\Controllers\Admin\SettingController->index()
 5 SYSTEMPATH\CodeIgniter.php(497): CodeIgniter\CodeIgniter->runController(Object(App\Controllers\Admin\SettingController))
 6 SYSTEMPATH\CodeIgniter.php(340): CodeIgniter\CodeIgniter->handleRequest(null, Object(Config\Cache), false)
 7 SYSTEMPATH\Boot.php(417): CodeIgniter\CodeIgniter->run()
 8 SYSTEMPATH\Boot.php(68): CodeIgniter\Boot::runCodeIgniter(Object(CodeIgniter\CodeIgniter))
 9 FCPATH\index.php(71): CodeIgniter\Boot::bootWeb(Object(Config\Paths))
CRITICAL - 2026-03-04 11:44:40 --> ParseError: syntax error, unexpected T_INLINE_HTML "                                ", expecting "endswitch" or "case" or "default"
[Method: GET, Route: admin/settings]
in APPPATH\Views\admin\settings\index.php on line 29.
 1 SYSTEMPATH\View\View.php(241): CodeIgniter\View\View->CodeIgniter\View\{closure}()
 2 SYSTEMPATH\Common.php(1250): CodeIgniter\View\View->render('admin/settings/index', [], true)
 3 APPPATH\Controllers\Admin\SettingController.php(44): view('admin/settings/index', [...])
 4 SYSTEMPATH\CodeIgniter.php(951): App\Controllers\Admin\SettingController->index()
 5 SYSTEMPATH\CodeIgniter.php(497): CodeIgniter\CodeIgniter->runController(Object(App\Controllers\Admin\SettingController))
 6 SYSTEMPATH\CodeIgniter.php(340): CodeIgniter\CodeIgniter->handleRequest(null, Object(Config\Cache), false)
 7 SYSTEMPATH\Boot.php(417): CodeIgniter\CodeIgniter->run()
 8 SYSTEMPATH\Boot.php(68): CodeIgniter\Boot::runCodeIgniter(Object(CodeIgniter\CodeIgniter))
 9 FCPATH\index.php(71): CodeIgniter\Boot::bootWeb(Object(Config\Paths))
CRITICAL - 2026-03-04 11:45:54 --> CodeIgniter\View\Exceptions\ViewException: Invalid file: "admin/layouts/main.php"
[Method: GET, Route: admin/settings]
in SYSTEMPATH\Exceptions\FrameworkException.php on line 39.
 1 SYSTEMPATH\View\View.php(226): CodeIgniter\Exceptions\FrameworkException::forInvalidFile('admin/layouts/main.php')
 2 SYSTEMPATH\View\View.php(254): CodeIgniter\View\View->render('admin/layouts/main', [], true)
 3 SYSTEMPATH\Common.php(1250): CodeIgniter\View\View->render('admin/settings/index', [], true)
 4 APPPATH\Controllers\Admin\SettingController.php(44): view('admin/settings/index', [...])
 5 SYSTEMPATH\CodeIgniter.php(951): App\Controllers\Admin\SettingController->index()
 6 SYSTEMPATH\CodeIgniter.php(497): CodeIgniter\CodeIgniter->runController(Object(App\Controllers\Admin\SettingController))
 7 SYSTEMPATH\CodeIgniter.php(340): CodeIgniter\CodeIgniter->handleRequest(null, Object(Config\Cache), false)
 8 SYSTEMPATH\Boot.php(417): CodeIgniter\CodeIgniter->run()
 9 SYSTEMPATH\Boot.php(68): CodeIgniter\Boot::runCodeIgniter(Object(CodeIgniter\CodeIgniter))
10 FCPATH\index.php(71): CodeIgniter\Boot::bootWeb(Object(Config\Paths))
CRITICAL - 2026-03-04 11:45:54 --> CodeIgniter\View\Exceptions\ViewException: Invalid file: "admin/layouts/main.php"
[Method: GET, Route: admin/settings]
in SYSTEMPATH\Exceptions\FrameworkException.php on line 39.
 1 SYSTEMPATH\View\View.php(226): CodeIgniter\Exceptions\FrameworkException::forInvalidFile('admin/layouts/main.php')
 2 SYSTEMPATH\View\View.php(254): CodeIgniter\View\View->render('admin/layouts/main', [], true)
 3 SYSTEMPATH\Common.php(1250): CodeIgniter\View\View->render('admin/settings/index', [], true)
 4 APPPATH\Controllers\Admin\SettingController.php(44): view('admin/settings/index', [...])
 5 SYSTEMPATH\CodeIgniter.php(951): App\Controllers\Admin\SettingController->index()
 6 SYSTEMPATH\CodeIgniter.php(497): CodeIgniter\CodeIgniter->runController(Object(App\Controllers\Admin\SettingController))
 7 SYSTEMPATH\CodeIgniter.php(340): CodeIgniter\CodeIgniter->handleRequest(null, Object(Config\Cache), false)
 8 SYSTEMPATH\Boot.php(417): CodeIgniter\CodeIgniter->run()
 9 SYSTEMPATH\Boot.php(68): CodeIgniter\Boot::runCodeIgniter(Object(CodeIgniter\CodeIgniter))
10 FCPATH\index.php(71): CodeIgniter\Boot::bootWeb(Object(Config\Paths))
CRITICAL - 2026-03-04 11:45:55 --> CodeIgniter\View\Exceptions\ViewException: Invalid file: "admin/layouts/main.php"
[Method: GET, Route: admin/settings]
in SYSTEMPATH\Exceptions\FrameworkException.php on line 39.
 1 SYSTEMPATH\View\View.php(226): CodeIgniter\Exceptions\FrameworkException::forInvalidFile('admin/layouts/main.php')
 2 SYSTEMPATH\View\View.php(254): CodeIgniter\View\View->render('admin/layouts/main', [], true)
 3 SYSTEMPATH\Common.php(1250): CodeIgniter\View\View->render('admin/settings/index', [], true)
 4 APPPATH\Controllers\Admin\SettingController.php(44): view('admin/settings/index', [...])
 5 SYSTEMPATH\CodeIgniter.php(951): App\Controllers\Admin\SettingController->index()
 6 SYSTEMPATH\CodeIgniter.php(497): CodeIgniter\CodeIgniter->runController(Object(App\Controllers\Admin\SettingController))
 7 SYSTEMPATH\CodeIgniter.php(340): CodeIgniter\CodeIgniter->handleRequest(null, Object(Config\Cache), false)
 8 SYSTEMPATH\Boot.php(417): CodeIgniter\CodeIgniter->run()
 9 SYSTEMPATH\Boot.php(68): CodeIgniter\Boot::runCodeIgniter(Object(CodeIgniter\CodeIgniter))
10 FCPATH\index.php(71): CodeIgniter\Boot::bootWeb(Object(Config\Paths))
CRITICAL - 2026-03-04 11:45:55 --> CodeIgniter\View\Exceptions\ViewException: Invalid file: "admin/layouts/main.php"
[Method: GET, Route: admin/settings]
in SYSTEMPATH\Exceptions\FrameworkException.php on line 39.
 1 SYSTEMPATH\View\View.php(226): CodeIgniter\Exceptions\FrameworkException::forInvalidFile('admin/layouts/main.php')
 2 SYSTEMPATH\View\View.php(254): CodeIgniter\View\View->render('admin/layouts/main', [], true)
 3 SYSTEMPATH\Common.php(1250): CodeIgniter\View\View->render('admin/settings/index', [], true)
 4 APPPATH\Controllers\Admin\SettingController.php(44): view('admin/settings/index', [...])
 5 SYSTEMPATH\CodeIgniter.php(951): App\Controllers\Admin\SettingController->index()
 6 SYSTEMPATH\CodeIgniter.php(497): CodeIgniter\CodeIgniter->runController(Object(App\Controllers\Admin\SettingController))
 7 SYSTEMPATH\CodeIgniter.php(340): CodeIgniter\CodeIgniter->handleRequest(null, Object(Config\Cache), false)
 8 SYSTEMPATH\Boot.php(417): CodeIgniter\CodeIgniter->run()
 9 SYSTEMPATH\Boot.php(68): CodeIgniter\Boot::runCodeIgniter(Object(CodeIgniter\CodeIgniter))
10 FCPATH\index.php(71): CodeIgniter\Boot::bootWeb(Object(Config\Paths))
CRITICAL - 2026-03-04 11:46:00 --> CodeIgniter\View\Exceptions\ViewException: Invalid file: "admin/layouts/main.php"
[Method: GET, Route: admin/settings]
in SYSTEMPATH\Exceptions\FrameworkException.php on line 39.
 1 SYSTEMPATH\View\View.php(226): CodeIgniter\Exceptions\FrameworkException::forInvalidFile('admin/layouts/main.php')
 2 SYSTEMPATH\View\View.php(254): CodeIgniter\View\View->render('admin/layouts/main', [], true)
 3 SYSTEMPATH\Common.php(1250): CodeIgniter\View\View->render('admin/settings/index', [], true)
 4 APPPATH\Controllers\Admin\SettingController.php(44): view('admin/settings/index', [...])
 5 SYSTEMPATH\CodeIgniter.php(951): App\Controllers\Admin\SettingController->index()
 6 SYSTEMPATH\CodeIgniter.php(497): CodeIgniter\CodeIgniter->runController(Object(App\Controllers\Admin\SettingController))
 7 SYSTEMPATH\CodeIgniter.php(340): CodeIgniter\CodeIgniter->handleRequest(null, Object(Config\Cache), false)
 8 SYSTEMPATH\Boot.php(417): CodeIgniter\CodeIgniter->run()
 9 SYSTEMPATH\Boot.php(68): CodeIgniter\Boot::runCodeIgniter(Object(CodeIgniter\CodeIgniter))
10 FCPATH\index.php(71): CodeIgniter\Boot::bootWeb(Object(Config\Paths))
CRITICAL - 2026-03-04 11:46:47 --> ErrorException: Undefined variable $activePage
[Method: GET, Route: admin/settings]
in APPPATH\Views\admin\layouts\header.php on line 208.
 1 APPPATH\Views\admin\layouts\header.php(208): CodeIgniter\Debug\Exceptions->errorHandler(2, 'Undefined variable $activePage', 'D:\\phpstudy_pro\\WWW\\projects_nodejs\\codeigniter-blog\\app\\Views\\admin\\layouts\\header.php', 208)
 2 SYSTEMPATH\View\View.php(238): include('D:\\phpstudy_pro\\WWW\\projects_nodejs\\codeigniter-blog\\app\\Views\\admin\\layouts\\header.php')
 3 SYSTEMPATH\View\View.php(241): CodeIgniter\View\View->CodeIgniter\View\{closure}()
 4 SYSTEMPATH\View\View.php(254): CodeIgniter\View\View->render('admin/layouts/header', [], true)
 5 SYSTEMPATH\Common.php(1250): CodeIgniter\View\View->render('admin/settings/index', [], true)
 6 APPPATH\Controllers\Admin\SettingController.php(44): view('admin/settings/index', [...])
 7 SYSTEMPATH\CodeIgniter.php(951): App\Controllers\Admin\SettingController->index()
 8 SYSTEMPATH\CodeIgniter.php(497): CodeIgniter\CodeIgniter->runController(Object(App\Controllers\Admin\SettingController))
 9 SYSTEMPATH\CodeIgniter.php(340): CodeIgniter\CodeIgniter->handleRequest(null, Object(Config\Cache), false)
10 SYSTEMPATH\Boot.php(417): CodeIgniter\CodeIgniter->run()
11 SYSTEMPATH\Boot.php(68): CodeIgniter\Boot::runCodeIgniter(Object(CodeIgniter\CodeIgniter))
12 FCPATH\index.php(71): CodeIgniter\Boot::bootWeb(Object(Config\Paths))
CRITICAL - 2026-03-04 11:46:48 --> ErrorException: Undefined variable $activePage
[Method: GET, Route: admin/settings]
in APPPATH\Views\admin\layouts\header.php on line 208.
 1 APPPATH\Views\admin\layouts\header.php(208): CodeIgniter\Debug\Exceptions->errorHandler(2, 'Undefined variable $activePage', 'D:\\phpstudy_pro\\WWW\\projects_nodejs\\codeigniter-blog\\app\\Views\\admin\\layouts\\header.php', 208)
 2 SYSTEMPATH\View\View.php(238): include('D:\\phpstudy_pro\\WWW\\projects_nodejs\\codeigniter-blog\\app\\Views\\admin\\layouts\\header.php')
 3 SYSTEMPATH\View\View.php(241): CodeIgniter\View\View->CodeIgniter\View\{closure}()
 4 SYSTEMPATH\View\View.php(254): CodeIgniter\View\View->render('admin/layouts/header', [], true)
 5 SYSTEMPATH\Common.php(1250): CodeIgniter\View\View->render('admin/settings/index', [], true)
 6 APPPATH\Controllers\Admin\SettingController.php(44): view('admin/settings/index', [...])
 7 SYSTEMPATH\CodeIgniter.php(951): App\Controllers\Admin\SettingController->index()
 8 SYSTEMPATH\CodeIgniter.php(497): CodeIgniter\CodeIgniter->runController(Object(App\Controllers\Admin\SettingController))
 9 SYSTEMPATH\CodeIgniter.php(340): CodeIgniter\CodeIgniter->handleRequest(null, Object(Config\Cache), false)
10 SYSTEMPATH\Boot.php(417): CodeIgniter\CodeIgniter->run()
11 SYSTEMPATH\Boot.php(68): CodeIgniter\Boot::runCodeIgniter(Object(CodeIgniter\CodeIgniter))
12 FCPATH\index.php(71): CodeIgniter\Boot::bootWeb(Object(Config\Paths))
CRITICAL - 2026-03-04 11:46:48 --> ErrorException: Undefined variable $activePage
[Method: GET, Route: admin/settings]
in APPPATH\Views\admin\layouts\header.php on line 208.
 1 APPPATH\Views\admin\layouts\header.php(208): CodeIgniter\Debug\Exceptions->errorHandler(2, 'Undefined variable $activePage', 'D:\\phpstudy_pro\\WWW\\projects_nodejs\\codeigniter-blog\\app\\Views\\admin\\layouts\\header.php', 208)
 2 SYSTEMPATH\View\View.php(238): include('D:\\phpstudy_pro\\WWW\\projects_nodejs\\codeigniter-blog\\app\\Views\\admin\\layouts\\header.php')
 3 SYSTEMPATH\View\View.php(241): CodeIgniter\View\View->CodeIgniter\View\{closure}()
 4 SYSTEMPATH\View\View.php(254): CodeIgniter\View\View->render('admin/layouts/header', [], true)
 5 SYSTEMPATH\Common.php(1250): CodeIgniter\View\View->render('admin/settings/index', [], true)
 6 APPPATH\Controllers\Admin\SettingController.php(44): view('admin/settings/index', [...])
 7 SYSTEMPATH\CodeIgniter.php(951): App\Controllers\Admin\SettingController->index()
 8 SYSTEMPATH\CodeIgniter.php(497): CodeIgniter\CodeIgniter->runController(Object(App\Controllers\Admin\SettingController))
 9 SYSTEMPATH\CodeIgniter.php(340): CodeIgniter\CodeIgniter->handleRequest(null, Object(Config\Cache), false)
10 SYSTEMPATH\Boot.php(417): CodeIgniter\CodeIgniter->run()
11 SYSTEMPATH\Boot.php(68): CodeIgniter\Boot::runCodeIgniter(Object(CodeIgniter\CodeIgniter))
12 FCPATH\index.php(71): CodeIgniter\Boot::bootWeb(Object(Config\Paths))
CRITICAL - 2026-03-04 11:46:48 --> ErrorException: Undefined variable $activePage
[Method: GET, Route: admin/settings]
in APPPATH\Views\admin\layouts\header.php on line 208.
 1 APPPATH\Views\admin\layouts\header.php(208): CodeIgniter\Debug\Exceptions->errorHandler(2, 'Undefined variable $activePage', 'D:\\phpstudy_pro\\WWW\\projects_nodejs\\codeigniter-blog\\app\\Views\\admin\\layouts\\header.php', 208)
 2 SYSTEMPATH\View\View.php(238): include('D:\\phpstudy_pro\\WWW\\projects_nodejs\\codeigniter-blog\\app\\Views\\admin\\layouts\\header.php')
 3 SYSTEMPATH\View\View.php(241): CodeIgniter\View\View->CodeIgniter\View\{closure}()
 4 SYSTEMPATH\View\View.php(254): CodeIgniter\View\View->render('admin/layouts/header', [], true)
 5 SYSTEMPATH\Common.php(1250): CodeIgniter\View\View->render('admin/settings/index', [], true)
 6 APPPATH\Controllers\Admin\SettingController.php(44): view('admin/settings/index', [...])
 7 SYSTEMPATH\CodeIgniter.php(951): App\Controllers\Admin\SettingController->index()
 8 SYSTEMPATH\CodeIgniter.php(497): CodeIgniter\CodeIgniter->runController(Object(App\Controllers\Admin\SettingController))
 9 SYSTEMPATH\CodeIgniter.php(340): CodeIgniter\CodeIgniter->handleRequest(null, Object(Config\Cache), false)
10 SYSTEMPATH\Boot.php(417): CodeIgniter\CodeIgniter->run()
11 SYSTEMPATH\Boot.php(68): CodeIgniter\Boot::runCodeIgniter(Object(CodeIgniter\CodeIgniter))
12 FCPATH\index.php(71): CodeIgniter\Boot::bootWeb(Object(Config\Paths))
CRITICAL - 2026-03-04 11:46:48 --> ErrorException: Undefined variable $activePage
[Method: GET, Route: admin/settings]
in APPPATH\Views\admin\layouts\header.php on line 208.
 1 APPPATH\Views\admin\layouts\header.php(208): CodeIgniter\Debug\Exceptions->errorHandler(2, 'Undefined variable $activePage', 'D:\\phpstudy_pro\\WWW\\projects_nodejs\\codeigniter-blog\\app\\Views\\admin\\layouts\\header.php', 208)
 2 SYSTEMPATH\View\View.php(238): include('D:\\phpstudy_pro\\WWW\\projects_nodejs\\codeigniter-blog\\app\\Views\\admin\\layouts\\header.php')
 3 SYSTEMPATH\View\View.php(241): CodeIgniter\View\View->CodeIgniter\View\{closure}()
 4 SYSTEMPATH\View\View.php(254): CodeIgniter\View\View->render('admin/layouts/header', [], true)
 5 SYSTEMPATH\Common.php(1250): CodeIgniter\View\View->render('admin/settings/index', [], true)
 6 APPPATH\Controllers\Admin\SettingController.php(44): view('admin/settings/index', [...])
 7 SYSTEMPATH\CodeIgniter.php(951): App\Controllers\Admin\SettingController->index()
 8 SYSTEMPATH\CodeIgniter.php(497): CodeIgniter\CodeIgniter->runController(Object(App\Controllers\Admin\SettingController))
 9 SYSTEMPATH\CodeIgniter.php(340): CodeIgniter\CodeIgniter->handleRequest(null, Object(Config\Cache), false)
10 SYSTEMPATH\Boot.php(417): CodeIgniter\CodeIgniter->run()
11 SYSTEMPATH\Boot.php(68): CodeIgniter\Boot::runCodeIgniter(Object(CodeIgniter\CodeIgniter))
12 FCPATH\index.php(71): CodeIgniter\Boot::bootWeb(Object(Config\Paths))
CRITICAL - 2026-03-04 12:12:08 --> ErrorException: Undefined variable $pageTitle
[Method: GET, Route: admin/settings]
in APPPATH\Views\admin\layouts\header.php on line 244.
 1 APPPATH\Views\admin\layouts\header.php(244): CodeIgniter\Debug\Exceptions->errorHandler(2, 'Undefined variable $pageTitle', 'D:\\phpstudy_pro\\WWW\\projects_nodejs\\codeigniter-blog\\app\\Views\\admin\\layouts\\header.php', 244)
 2 SYSTEMPATH\View\View.php(238): include('D:\\phpstudy_pro\\WWW\\projects_nodejs\\codeigniter-blog\\app\\Views\\admin\\layouts\\header.php')
 3 SYSTEMPATH\View\View.php(241): CodeIgniter\View\View->CodeIgniter\View\{closure}()
 4 SYSTEMPATH\View\View.php(254): CodeIgniter\View\View->render('admin/layouts/header', [], true)
 5 SYSTEMPATH\Common.php(1250): CodeIgniter\View\View->render('admin/settings/index', [], true)
 6 APPPATH\Controllers\Admin\SettingController.php(45): view('admin/settings/index', [...])
 7 SYSTEMPATH\CodeIgniter.php(951): App\Controllers\Admin\SettingController->index()
 8 SYSTEMPATH\CodeIgniter.php(497): CodeIgniter\CodeIgniter->runController(Object(App\Controllers\Admin\SettingController))
 9 SYSTEMPATH\CodeIgniter.php(340): CodeIgniter\CodeIgniter->handleRequest(null, Object(Config\Cache), false)
10 SYSTEMPATH\Boot.php(417): CodeIgniter\CodeIgniter->run()
11 SYSTEMPATH\Boot.php(68): CodeIgniter\Boot::runCodeIgniter(Object(CodeIgniter\CodeIgniter))
12 FCPATH\index.php(71): CodeIgniter\Boot::bootWeb(Object(Config\Paths))
CRITICAL - 2026-03-04 12:12:10 --> ErrorException: Undefined variable $pageTitle
[Method: GET, Route: admin/settings]
in APPPATH\Views\admin\layouts\header.php on line 244.
 1 APPPATH\Views\admin\layouts\header.php(244): CodeIgniter\Debug\Exceptions->errorHandler(2, 'Undefined variable $pageTitle', 'D:\\phpstudy_pro\\WWW\\projects_nodejs\\codeigniter-blog\\app\\Views\\admin\\layouts\\header.php', 244)
 2 SYSTEMPATH\View\View.php(238): include('D:\\phpstudy_pro\\WWW\\projects_nodejs\\codeigniter-blog\\app\\Views\\admin\\layouts\\header.php')
 3 SYSTEMPATH\View\View.php(241): CodeIgniter\View\View->CodeIgniter\View\{closure}()
 4 SYSTEMPATH\View\View.php(254): CodeIgniter\View\View->render('admin/layouts/header', [], true)
 5 SYSTEMPATH\Common.php(1250): CodeIgniter\View\View->render('admin/settings/index', [], true)
 6 APPPATH\Controllers\Admin\SettingController.php(45): view('admin/settings/index', [...])
 7 SYSTEMPATH\CodeIgniter.php(951): App\Controllers\Admin\SettingController->index()
 8 SYSTEMPATH\CodeIgniter.php(497): CodeIgniter\CodeIgniter->runController(Object(App\Controllers\Admin\SettingController))
 9 SYSTEMPATH\CodeIgniter.php(340): CodeIgniter\CodeIgniter->handleRequest(null, Object(Config\Cache), false)
10 SYSTEMPATH\Boot.php(417): CodeIgniter\CodeIgniter->run()
11 SYSTEMPATH\Boot.php(68): CodeIgniter\Boot::runCodeIgniter(Object(CodeIgniter\CodeIgniter))
12 FCPATH\index.php(71): CodeIgniter\Boot::bootWeb(Object(Config\Paths))
CRITICAL - 2026-03-04 12:12:13 --> ErrorException: Undefined variable $pageTitle
[Method: GET, Route: admin/settings]
in APPPATH\Views\admin\layouts\header.php on line 244.
 1 APPPATH\Views\admin\layouts\header.php(244): CodeIgniter\Debug\Exceptions->errorHandler(2, 'Undefined variable $pageTitle', 'D:\\phpstudy_pro\\WWW\\projects_nodejs\\codeigniter-blog\\app\\Views\\admin\\layouts\\header.php', 244)
 2 SYSTEMPATH\View\View.php(238): include('D:\\phpstudy_pro\\WWW\\projects_nodejs\\codeigniter-blog\\app\\Views\\admin\\layouts\\header.php')
 3 SYSTEMPATH\View\View.php(241): CodeIgniter\View\View->CodeIgniter\View\{closure}()
 4 SYSTEMPATH\View\View.php(254): CodeIgniter\View\View->render('admin/layouts/header', [], true)
 5 SYSTEMPATH\Common.php(1250): CodeIgniter\View\View->render('admin/settings/index', [], true)
 6 APPPATH\Controllers\Admin\SettingController.php(45): view('admin/settings/index', [...])
 7 SYSTEMPATH\CodeIgniter.php(951): App\Controllers\Admin\SettingController->index()
 8 SYSTEMPATH\CodeIgniter.php(497): CodeIgniter\CodeIgniter->runController(Object(App\Controllers\Admin\SettingController))
 9 SYSTEMPATH\CodeIgniter.php(340): CodeIgniter\CodeIgniter->handleRequest(null, Object(Config\Cache), false)
10 SYSTEMPATH\Boot.php(417): CodeIgniter\CodeIgniter->run()
11 SYSTEMPATH\Boot.php(68): CodeIgniter\Boot::runCodeIgniter(Object(CodeIgniter\CodeIgniter))
12 FCPATH\index.php(71): CodeIgniter\Boot::bootWeb(Object(Config\Paths))
CRITICAL - 2026-03-04 12:15:11 --> ErrorException: Undefined variable $activePage
[Method: GET, Route: admin/settings]
in APPPATH\Views\admin\layouts\header.php on line 208.
 1 APPPATH\Views\admin\layouts\header.php(208): CodeIgniter\Debug\Exceptions->errorHandler(2, 'Undefined variable $activePage', 'D:\\phpstudy_pro\\WWW\\projects_nodejs\\codeigniter-blog\\app\\Views\\admin\\layouts\\header.php', 208)
 2 SYSTEMPATH\View\View.php(238): include('D:\\phpstudy_pro\\WWW\\projects_nodejs\\codeigniter-blog\\app\\Views\\admin\\layouts\\header.php')
 3 SYSTEMPATH\View\View.php(241): CodeIgniter\View\View->CodeIgniter\View\{closure}()
 4 SYSTEMPATH\View\View.php(487): CodeIgniter\View\View->render('admin/layouts/header', null, true)
 5 APPPATH\Views\admin\settings\index.php(5): CodeIgniter\View\View->include('admin/layouts/header')
 6 SYSTEMPATH\View\View.php(238): include('D:\\phpstudy_pro\\WWW\\projects_nodejs\\codeigniter-blog\\app\\Views\\admin\\settings\\index.php')
 7 SYSTEMPATH\View\View.php(241): CodeIgniter\View\View->CodeIgniter\View\{closure}()
 8 SYSTEMPATH\Common.php(1250): CodeIgniter\View\View->render('admin/settings/index', [], true)
 9 APPPATH\Controllers\Admin\SettingController.php(45): view('admin/settings/index', [...])
10 SYSTEMPATH\CodeIgniter.php(951): App\Controllers\Admin\SettingController->index()
11 SYSTEMPATH\CodeIgniter.php(497): CodeIgniter\CodeIgniter->runController(Object(App\Controllers\Admin\SettingController))
12 SYSTEMPATH\CodeIgniter.php(340): CodeIgniter\CodeIgniter->handleRequest(null, Object(Config\Cache), false)
13 SYSTEMPATH\Boot.php(417): CodeIgniter\CodeIgniter->run()
14 SYSTEMPATH\Boot.php(68): CodeIgniter\Boot::runCodeIgniter(Object(CodeIgniter\CodeIgniter))
15 FCPATH\index.php(71): CodeIgniter\Boot::bootWeb(Object(Config\Paths))
CRITICAL - 2026-03-04 12:15:12 --> ErrorException: Undefined variable $activePage
[Method: GET, Route: admin/settings]
in APPPATH\Views\admin\layouts\header.php on line 208.
 1 APPPATH\Views\admin\layouts\header.php(208): CodeIgniter\Debug\Exceptions->errorHandler(2, 'Undefined variable $activePage', 'D:\\phpstudy_pro\\WWW\\projects_nodejs\\codeigniter-blog\\app\\Views\\admin\\layouts\\header.php', 208)
 2 SYSTEMPATH\View\View.php(238): include('D:\\phpstudy_pro\\WWW\\projects_nodejs\\codeigniter-blog\\app\\Views\\admin\\layouts\\header.php')
 3 SYSTEMPATH\View\View.php(241): CodeIgniter\View\View->CodeIgniter\View\{closure}()
 4 SYSTEMPATH\View\View.php(487): CodeIgniter\View\View->render('admin/layouts/header', null, true)
 5 APPPATH\Views\admin\settings\index.php(5): CodeIgniter\View\View->include('admin/layouts/header')
 6 SYSTEMPATH\View\View.php(238): include('D:\\phpstudy_pro\\WWW\\projects_nodejs\\codeigniter-blog\\app\\Views\\admin\\settings\\index.php')
 7 SYSTEMPATH\View\View.php(241): CodeIgniter\View\View->CodeIgniter\View\{closure}()
 8 SYSTEMPATH\Common.php(1250): CodeIgniter\View\View->render('admin/settings/index', [], true)
 9 APPPATH\Controllers\Admin\SettingController.php(45): view('admin/settings/index', [...])
10 SYSTEMPATH\CodeIgniter.php(951): App\Controllers\Admin\SettingController->index()
11 SYSTEMPATH\CodeIgniter.php(497): CodeIgniter\CodeIgniter->runController(Object(App\Controllers\Admin\SettingController))
12 SYSTEMPATH\CodeIgniter.php(340): CodeIgniter\CodeIgniter->handleRequest(null, Object(Config\Cache), false)
13 SYSTEMPATH\Boot.php(417): CodeIgniter\CodeIgniter->run()
14 SYSTEMPATH\Boot.php(68): CodeIgniter\Boot::runCodeIgniter(Object(CodeIgniter\CodeIgniter))
15 FCPATH\index.php(71): CodeIgniter\Boot::bootWeb(Object(Config\Paths))
CRITICAL - 2026-03-04 12:15:12 --> ErrorException: Undefined variable $activePage
[Method: GET, Route: admin/settings]
in APPPATH\Views\admin\layouts\header.php on line 208.
 1 APPPATH\Views\admin\layouts\header.php(208): CodeIgniter\Debug\Exceptions->errorHandler(2, 'Undefined variable $activePage', 'D:\\phpstudy_pro\\WWW\\projects_nodejs\\codeigniter-blog\\app\\Views\\admin\\layouts\\header.php', 208)
 2 SYSTEMPATH\View\View.php(238): include('D:\\phpstudy_pro\\WWW\\projects_nodejs\\codeigniter-blog\\app\\Views\\admin\\layouts\\header.php')
 3 SYSTEMPATH\View\View.php(241): CodeIgniter\View\View->CodeIgniter\View\{closure}()
 4 SYSTEMPATH\View\View.php(487): CodeIgniter\View\View->render('admin/layouts/header', null, true)
 5 APPPATH\Views\admin\settings\index.php(5): CodeIgniter\View\View->include('admin/layouts/header')
 6 SYSTEMPATH\View\View.php(238): include('D:\\phpstudy_pro\\WWW\\projects_nodejs\\codeigniter-blog\\app\\Views\\admin\\settings\\index.php')
 7 SYSTEMPATH\View\View.php(241): CodeIgniter\View\View->CodeIgniter\View\{closure}()
 8 SYSTEMPATH\Common.php(1250): CodeIgniter\View\View->render('admin/settings/index', [], true)
 9 APPPATH\Controllers\Admin\SettingController.php(45): view('admin/settings/index', [...])
10 SYSTEMPATH\CodeIgniter.php(951): App\Controllers\Admin\SettingController->index()
11 SYSTEMPATH\CodeIgniter.php(497): CodeIgniter\CodeIgniter->runController(Object(App\Controllers\Admin\SettingController))
12 SYSTEMPATH\CodeIgniter.php(340): CodeIgniter\CodeIgniter->handleRequest(null, Object(Config\Cache), false)
13 SYSTEMPATH\Boot.php(417): CodeIgniter\CodeIgniter->run()
14 SYSTEMPATH\Boot.php(68): CodeIgniter\Boot::runCodeIgniter(Object(CodeIgniter\CodeIgniter))
15 FCPATH\index.php(71): CodeIgniter\Boot::bootWeb(Object(Config\Paths))
CRITICAL - 2026-03-04 14:31:48 --> ErrorException: Undefined array key "key"
[Method: GET, Route: admin/settings]
in APPPATH\Views\admin\settings\index.php on line 27.
 1 APPPATH\Views\admin\settings\index.php(27): CodeIgniter\Debug\Exceptions->errorHandler(2, 'Undefined array key "key"', 'D:\\phpstudy_pro\\WWW\\projects_nodejs\\codeigniter-blog\\app\\Views\\admin\\settings\\index.php', 27)
 2 SYSTEMPATH\View\View.php(238): include('D:\\phpstudy_pro\\WWW\\projects_nodejs\\codeigniter-blog\\app\\Views\\admin\\settings\\index.php')
 3 SYSTEMPATH\View\View.php(241): CodeIgniter\View\View->CodeIgniter\View\{closure}()
 4 SYSTEMPATH\Common.php(1250): CodeIgniter\View\View->render('admin/settings/index', [], true)
 5 APPPATH\Controllers\Admin\SettingController.php(46): view('admin/settings/index', [...])
 6 SYSTEMPATH\CodeIgniter.php(951): App\Controllers\Admin\SettingController->index()
 7 SYSTEMPATH\CodeIgniter.php(497): CodeIgniter\CodeIgniter->runController(Object(App\Controllers\Admin\SettingController))
 8 SYSTEMPATH\CodeIgniter.php(340): CodeIgniter\CodeIgniter->handleRequest(null, Object(Config\Cache), false)
 9 SYSTEMPATH\Boot.php(417): CodeIgniter\CodeIgniter->run()
10 SYSTEMPATH\Boot.php(68): CodeIgniter\Boot::runCodeIgniter(Object(CodeIgniter\CodeIgniter))
11 FCPATH\index.php(71): CodeIgniter\Boot::bootWeb(Object(Config\Paths))
CRITICAL - 2026-03-04 14:31:49 --> ErrorException: Undefined array key "key"
[Method: GET, Route: admin/settings]
in APPPATH\Views\admin\settings\index.php on line 27.
 1 APPPATH\Views\admin\settings\index.php(27): CodeIgniter\Debug\Exceptions->errorHandler(2, 'Undefined array key "key"', 'D:\\phpstudy_pro\\WWW\\projects_nodejs\\codeigniter-blog\\app\\Views\\admin\\settings\\index.php', 27)
 2 SYSTEMPATH\View\View.php(238): include('D:\\phpstudy_pro\\WWW\\projects_nodejs\\codeigniter-blog\\app\\Views\\admin\\settings\\index.php')
 3 SYSTEMPATH\View\View.php(241): CodeIgniter\View\View->CodeIgniter\View\{closure}()
 4 SYSTEMPATH\Common.php(1250): CodeIgniter\View\View->render('admin/settings/index', [], true)
 5 APPPATH\Controllers\Admin\SettingController.php(46): view('admin/settings/index', [...])
 6 SYSTEMPATH\CodeIgniter.php(951): App\Controllers\Admin\SettingController->index()
 7 SYSTEMPATH\CodeIgniter.php(497): CodeIgniter\CodeIgniter->runController(Object(App\Controllers\Admin\SettingController))
 8 SYSTEMPATH\CodeIgniter.php(340): CodeIgniter\CodeIgniter->handleRequest(null, Object(Config\Cache), false)
 9 SYSTEMPATH\Boot.php(417): CodeIgniter\CodeIgniter->run()
10 SYSTEMPATH\Boot.php(68): CodeIgniter\Boot::runCodeIgniter(Object(CodeIgniter\CodeIgniter))
11 FCPATH\index.php(71): CodeIgniter\Boot::bootWeb(Object(Config\Paths))
CRITICAL - 2026-03-04 14:31:50 --> ErrorException: Undefined array key "key"
[Method: GET, Route: admin/settings]
in APPPATH\Views\admin\settings\index.php on line 27.
 1 APPPATH\Views\admin\settings\index.php(27): CodeIgniter\Debug\Exceptions->errorHandler(2, 'Undefined array key "key"', 'D:\\phpstudy_pro\\WWW\\projects_nodejs\\codeigniter-blog\\app\\Views\\admin\\settings\\index.php', 27)
 2 SYSTEMPATH\View\View.php(238): include('D:\\phpstudy_pro\\WWW\\projects_nodejs\\codeigniter-blog\\app\\Views\\admin\\settings\\index.php')
 3 SYSTEMPATH\View\View.php(241): CodeIgniter\View\View->CodeIgniter\View\{closure}()
 4 SYSTEMPATH\Common.php(1250): CodeIgniter\View\View->render('admin/settings/index', [], true)
 5 APPPATH\Controllers\Admin\SettingController.php(46): view('admin/settings/index', [...])
 6 SYSTEMPATH\CodeIgniter.php(951): App\Controllers\Admin\SettingController->index()
 7 SYSTEMPATH\CodeIgniter.php(497): CodeIgniter\CodeIgniter->runController(Object(App\Controllers\Admin\SettingController))
 8 SYSTEMPATH\CodeIgniter.php(340): CodeIgniter\CodeIgniter->handleRequest(null, Object(Config\Cache), false)
 9 SYSTEMPATH\Boot.php(417): CodeIgniter\CodeIgniter->run()
10 SYSTEMPATH\Boot.php(68): CodeIgniter\Boot::runCodeIgniter(Object(CodeIgniter\CodeIgniter))
11 FCPATH\index.php(71): CodeIgniter\Boot::bootWeb(Object(Config\Paths))
CRITICAL - 2026-03-04 14:31:50 --> ErrorException: Undefined array key "key"
[Method: GET, Route: admin/settings]
in APPPATH\Views\admin\settings\index.php on line 27.
 1 APPPATH\Views\admin\settings\index.php(27): CodeIgniter\Debug\Exceptions->errorHandler(2, 'Undefined array key "key"', 'D:\\phpstudy_pro\\WWW\\projects_nodejs\\codeigniter-blog\\app\\Views\\admin\\settings\\index.php', 27)
 2 SYSTEMPATH\View\View.php(238): include('D:\\phpstudy_pro\\WWW\\projects_nodejs\\codeigniter-blog\\app\\Views\\admin\\settings\\index.php')
 3 SYSTEMPATH\View\View.php(241): CodeIgniter\View\View->CodeIgniter\View\{closure}()
 4 SYSTEMPATH\Common.php(1250): CodeIgniter\View\View->render('admin/settings/index', [], true)
 5 APPPATH\Controllers\Admin\SettingController.php(46): view('admin/settings/index', [...])
 6 SYSTEMPATH\CodeIgniter.php(951): App\Controllers\Admin\SettingController->index()
 7 SYSTEMPATH\CodeIgniter.php(497): CodeIgniter\CodeIgniter->runController(Object(App\Controllers\Admin\SettingController))
 8 SYSTEMPATH\CodeIgniter.php(340): CodeIgniter\CodeIgniter->handleRequest(null, Object(Config\Cache), false)
 9 SYSTEMPATH\Boot.php(417): CodeIgniter\CodeIgniter->run()
10 SYSTEMPATH\Boot.php(68): CodeIgniter\Boot::runCodeIgniter(Object(CodeIgniter\CodeIgniter))
11 FCPATH\index.php(71): CodeIgniter\Boot::bootWeb(Object(Config\Paths))
CRITICAL - 2026-03-04 14:31:50 --> ErrorException: Undefined array key "key"
[Method: GET, Route: admin/settings]
in APPPATH\Views\admin\settings\index.php on line 27.
 1 APPPATH\Views\admin\settings\index.php(27): CodeIgniter\Debug\Exceptions->errorHandler(2, 'Undefined array key "key"', 'D:\\phpstudy_pro\\WWW\\projects_nodejs\\codeigniter-blog\\app\\Views\\admin\\settings\\index.php', 27)
 2 SYSTEMPATH\View\View.php(238): include('D:\\phpstudy_pro\\WWW\\projects_nodejs\\codeigniter-blog\\app\\Views\\admin\\settings\\index.php')
 3 SYSTEMPATH\View\View.php(241): CodeIgniter\View\View->CodeIgniter\View\{closure}()
 4 SYSTEMPATH\Common.php(1250): CodeIgniter\View\View->render('admin/settings/index', [], true)
 5 APPPATH\Controllers\Admin\SettingController.php(46): view('admin/settings/index', [...])
 6 SYSTEMPATH\CodeIgniter.php(951): App\Controllers\Admin\SettingController->index()
 7 SYSTEMPATH\CodeIgniter.php(497): CodeIgniter\CodeIgniter->runController(Object(App\Controllers\Admin\SettingController))
 8 SYSTEMPATH\CodeIgniter.php(340): CodeIgniter\CodeIgniter->handleRequest(null, Object(Config\Cache), false)
 9 SYSTEMPATH\Boot.php(417): CodeIgniter\CodeIgniter->run()
10 SYSTEMPATH\Boot.php(68): CodeIgniter\Boot::runCodeIgniter(Object(CodeIgniter\CodeIgniter))
11 FCPATH\index.php(71): CodeIgniter\Boot::bootWeb(Object(Config\Paths))
CRITICAL - 2026-03-04 14:36:04 --> ErrorException: Undefined array key "key"
[Method: GET, Route: admin/settings/edit/1]
in APPPATH\Views\admin\settings\edit.php on line 23.
 1 APPPATH\Views\admin\settings\edit.php(23): CodeIgniter\Debug\Exceptions->errorHandler(2, 'Undefined array key "key"', 'D:\\phpstudy_pro\\WWW\\projects_nodejs\\codeigniter-blog\\app\\Views\\admin\\settings\\edit.php', 23)
 2 SYSTEMPATH\View\View.php(238): include('D:\\phpstudy_pro\\WWW\\projects_nodejs\\codeigniter-blog\\app\\Views\\admin\\settings\\edit.php')
 3 SYSTEMPATH\View\View.php(241): CodeIgniter\View\View->CodeIgniter\View\{closure}()
 4 SYSTEMPATH\Common.php(1250): CodeIgniter\View\View->render('admin/settings/edit', [], true)
 5 APPPATH\Controllers\Admin\SettingController.php(88): view('admin/settings/edit', [...])
 6 SYSTEMPATH\CodeIgniter.php(951): App\Controllers\Admin\SettingController->edit('1')
 7 SYSTEMPATH\CodeIgniter.php(497): CodeIgniter\CodeIgniter->runController(Object(App\Controllers\Admin\SettingController))
 8 SYSTEMPATH\CodeIgniter.php(340): CodeIgniter\CodeIgniter->handleRequest(null, Object(Config\Cache), false)
 9 SYSTEMPATH\Boot.php(417): CodeIgniter\CodeIgniter->run()
10 SYSTEMPATH\Boot.php(68): CodeIgniter\Boot::runCodeIgniter(Object(CodeIgniter\CodeIgniter))
11 FCPATH\index.php(71): CodeIgniter\Boot::bootWeb(Object(Config\Paths))
CRITICAL - 2026-03-04 17:35:54 --> ParseError: syntax error, unexpected identifier "htmlentities", expecting "," or ";"
[Method: GET, Route: admin/settings/edit/4]
in APPPATH\Views\admin\settings\edit.php on line 108.
 1 SYSTEMPATH\View\View.php(241): CodeIgniter\View\View->CodeIgniter\View\{closure}()
 2 SYSTEMPATH\Common.php(1250): CodeIgniter\View\View->render('admin/settings/edit', [], true)
 3 APPPATH\Controllers\Admin\SettingController.php(88): view('admin/settings/edit', [...])
 4 SYSTEMPATH\CodeIgniter.php(951): App\Controllers\Admin\SettingController->edit('4')
 5 SYSTEMPATH\CodeIgniter.php(497): CodeIgniter\CodeIgniter->runController(Object(App\Controllers\Admin\SettingController))
 6 SYSTEMPATH\CodeIgniter.php(340): CodeIgniter\CodeIgniter->handleRequest(null, Object(Config\Cache), false)
 7 SYSTEMPATH\Boot.php(417): CodeIgniter\CodeIgniter->run()
 8 SYSTEMPATH\Boot.php(68): CodeIgniter\Boot::runCodeIgniter(Object(CodeIgniter\CodeIgniter))
 9 FCPATH\index.php(71): CodeIgniter\Boot::bootWeb(Object(Config\Paths))
CRITICAL - 2026-03-04 17:36:00 --> ParseError: syntax error, unexpected identifier "htmlentities", expecting "," or ";"
[Method: GET, Route: admin/settings/edit/4]
in APPPATH\Views\admin\settings\edit.php on line 108.
 1 SYSTEMPATH\View\View.php(241): CodeIgniter\View\View->CodeIgniter\View\{closure}()
 2 SYSTEMPATH\Common.php(1250): CodeIgniter\View\View->render('admin/settings/edit', [], true)
 3 APPPATH\Controllers\Admin\SettingController.php(88): view('admin/settings/edit', [...])
 4 SYSTEMPATH\CodeIgniter.php(951): App\Controllers\Admin\SettingController->edit('4')
 5 SYSTEMPATH\CodeIgniter.php(497): CodeIgniter\CodeIgniter->runController(Object(App\Controllers\Admin\SettingController))
 6 SYSTEMPATH\CodeIgniter.php(340): CodeIgniter\CodeIgniter->handleRequest(null, Object(Config\Cache), false)
 7 SYSTEMPATH\Boot.php(417): CodeIgniter\CodeIgniter->run()
 8 SYSTEMPATH\Boot.php(68): CodeIgniter\Boot::runCodeIgniter(Object(CodeIgniter\CodeIgniter))
 9 FCPATH\index.php(71): CodeIgniter\Boot::bootWeb(Object(Config\Paths))
